<?xml version="1.0" encoding="utf-8"?><testsuites><testsuite name="pytest" errors="0" failures="0" skipped="1" tests="3" time="0.237" timestamp="2026-06-20T14:12:17.887478" hostname="DESKTOP-3AOGP2D"><testcase classname="surveillance_robot.test.test_copyright" name="test_copyright" time="0.000"><skipped type="pytest.skip" message="No copyright header has been placed in the generated source file.">/home/steve/ros2-surveillance-robot/src/surveillance_robot/test/test_copyright.py:20: No copyright header has been placed in the generated source file.</skipped></testcase><testcase classname="surveillance_robot.test.test_flake8" name="test_flake8" time="0.134" /><testcase classname="surveillance_robot.test.test_pep257" name="test_pep257" time="0.022" /></testsuite></testsuites>